TTY> Initialized dockchannel UART at 0x388128000
TTY> Device info:
TTY>   Model: Mac16,1
TTY>   Target: J604
TTY>   Board-ID: 0x22
TTY>   Chip-ID: 0x8132
TTY> 
TTY> CPU init (MIDR: 0x611f0531 smp_id:0x6)...
TTY>   CPU part: 0x53 rev: 0x11
TTY>   CPU: M4 Donan (P core)
TTY> 
TTY> boot_args at 0x10004a80000
TTY>   revision:     3
TTY>   version:      2
TTY>   virt_base:    0x8798000
TTY>   phys_base:    0x10002798000
TTY>   mem_size:     0x3d8f30000
TTY>   top_of_kdata: 0x10004a90000
TTY>   video:
TTY>     base:       0x103e0050000
TTY>     display:    0x1
TTY>     stride:     0x2f40
TTY>     width:      3024
TTY>     height:     1964
TTY>     depth:      30bpp
TTY>     density:    1
TTY>   machine_type: 0
TTY>   devtree:      0xa1d4000
TTY>   devtree_size: 0x84000
TTY>   cmdline:      
TTY>   boot_flags:   0x0
TTY>   mem_size_act: 0x400000000
TTY> 
TTY> 
TTY> 
TTY> m1n1 bcee7f2
TTY> Copyright The Asahi Linux Contributors
TTY> Licensed under the MIT license
TTY> 
TTY> Running in EL2
TTY> 
TTY> OS FW version: 26.3 (iBoot-13822.81.10)
TTY> System FW version: 26.3 (iBoot-13822.81.10)
TTY> Heap base: 0x10004a90000
TTY> MCC: Unsupported version:mcc,t8132
TTY> MMU: Initializing...
TTY> MMU: RAM base: 0x10000000000
TTY> MMU: Top of normal RAM: 0x103db6c8000
TTY> MMU: Adding Device-nGnRE mapping at 0x1c50000000 (0x4000)
TTY> MMU: Adding Device-nGnRE mapping at 0x1c60000000 (0x4000)
TTY> MMU: Adding Device-nGnRE mapping at 0x1c70000000 (0x4000)
TTY> MMU: Adding Device-nGnRE mapping at 0x1c80000000 (0x4000)
TTY> MMU: Adding Device-nGnRE mapping at 0x1cb0000000 (0x14000)
TTY> MMU: Adding Normal-NC mapping at 0x103fff1c000 (0x20000)
TTY> MMU: Adding Normal-NC mapping at 0x103ffedc000 (0x10000)
TTY> MMU: Adding Normal-NC mapping at 0x103ffebc000 (0x20000)
TTY> MMU: Adding Normal-NC mapping at 0x103ffe7c000 (0x10000)
TTY> MMU: Adding Normal-NC mapping at 0x103ffe5c000 (0x20000)
TTY> MMU: Adding Normal-NC mapping at 0x103ffe1c000 (0x10000)
TTY> MMU: Adding Normal-NC mapping at 0x103fffb8000 (0x4000)
TTY> MMU: Adding Normal-NC mapping at 0x103fff70000 (0x4000)
TTY> MMU: SCTLR_EL1: 30000180 -> 30901085
TTY> MMU: running with MMU and caches enabled!
TTY> AIC: Version 3 @ 0x381000000
TTY> AIC: AIC3 with 1/2 dies, 2048/4096 IRQs, reg_size:40004, config:10000, extintrcfg_stride:04a00, intmaskset_stride:04a00, intmaskclear_stride:04a00
TTY> WDT registers @ 0x3882b0000
TTY> WDT disabled
TTY> pmgr: Cleaning up device states...
TTY> pmgr: initialized, 392 devices on 1 dies found.
TTY> display: Display is internal
TTY> display: Display is already initialized (3024x1964)
TTY> fb init: 3024x1964 (30) [s=3024] @0x103e0050000
TTY> fb console: max rows 57, max cols 78
TTY> fb: display logo
TTY> cpufreq: Chip 0x8132 is unsupported
TTY> Initialization complete.
TTY> Checking for payloads...
TTY> Devicetree compatible value: apple,j604
TTY> Unknown payload at 0x100043c4000 (magic: 5b41464b)
TTY> No valid payload found
TTY> dart: dart /arm-io/dart-usb0 at 0x402f80000 is a t8110
TTY> USB0: initialized at 0x10004a94090
TTY> dart: dart /arm-io/dart-usb1 at 0x40af80000 is a t8110
TTY> USB1: initialized at 0x10004a94560
TTY> dart: dart /arm-io/dart-usb3 at 0x41af80000 is a t8110
TTY> USB3: initialized at 0x10004a94a60
TTY> Running proxy...
[u] chainloading...
LOAD: _HDR 16384 bytes from 0 to 0
LOAD: TEXT 327680 bytes from 4000 to 4000
LOAD: RODA 114688 bytes from 54000 to 54000
LOAD: DATA 425984 bytes from 70000 to 70000
ZERO: 245760 bytes from 0xd8000 to 0x114000
LOAD: PYLD 0 bytes from d8000 to 114000
SKIP: 67108864 bytes from 0x114000 to 0x4114000
Fetching ADT (0x00084000 bytes)...
.............................
Pushing ADT (528924 bytes)...
TTY> Preparing to run next stage at 0x1000f7f0200...
Waiting for reconnection... ....................... Connected
TTY> Initialized dockchannel UART at 0x388128000
TTY> Device info:
TTY>   Model: Mac16,1
TTY>   Target: J604
TTY>   Board-ID: 0x22
TTY>   Chip-ID: 0x8132
TTY> 
TTY> CPU init (MIDR: 0x611f0531 smp_id:0x6)...
TTY>   CPU part: 0x53 rev: 0x11
TTY>   CPU: M4 Donan (P core)
TTY> 
TTY> boot_args at 0x100049e0000
TTY>   revision:     3
TTY>   version:      2
TTY>   virt_base:    0x8798000
TTY>   phys_base:    0x10002798000
TTY>   mem_size:     0x3d8f30000
TTY>   top_of_kdata: 0x100049e4000
TTY>   video:
TTY>     base:       0x103e0050000
TTY>     display:    0x1
TTY>     stride:     0x2f40
TTY>     width:      3024
TTY>     height:     1964
TTY>     depth:      30bpp
TTY>     density:    1
TTY>   machine_type: 0
TTY>   devtree:      0xa1d4000
TTY>   devtree_size: 0x84000
TTY>   cmdline:      
TTY>   boot_flags:   0x0
TTY>   mem_size_act: 0x400000000
TTY> 
TTY> 
TTY> 
TTY> m1n1 unknown
TTY> Copyright The Asahi Linux Contributors
TTY> Licensed under the MIT license
TTY> 
TTY> Running in EL2
TTY> 
TTY> OS FW version: 26.3 (iBoot-13822.81.10)
TTY> System FW version: 26.3 (iBoot-13822.81.10)
TTY> Heap base: 0x100049e4000
TTY> MCC: Unsupported version:mcc,t8132
TTY> MMU: Initializing...
TTY> MMU: RAM base: 0x10000000000
TTY> MMU: Top of normal RAM: 0x103db6c8000
TTY> MMU: Adding Device-nGnRE mapping at 0x1c50000000 (0x4000)
TTY> MMU: Adding Device-nGnRE mapping at 0x1c60000000 (0x4000)
TTY> MMU: Adding Device-nGnRE mapping at 0x1c70000000 (0x4000)
TTY> MMU: Adding Device-nGnRE mapping at 0x1c80000000 (0x4000)
TTY> MMU: Adding Device-nGnRE mapping at 0x1cb0000000 (0x14000)
TTY> MMU: Adding Normal-NC mapping at 0x103fff1c000 (0x20000)
TTY> MMU: Adding Normal-NC mapping at 0x103ffedc000 (0x10000)
TTY> MMU: Adding Normal-NC mapping at 0x103ffebc000 (0x20000)
TTY> MMU: Adding Normal-NC mapping at 0x103ffe7c000 (0x10000)
TTY> MMU: Adding Normal-NC mapping at 0x103ffe5c000 (0x20000)
TTY> MMU: Adding Normal-NC mapping at 0x103ffe1c000 (0x10000)
TTY> MMU: Adding Normal-NC mapping at 0x103fffb8000 (0x4000)
TTY> MMU: Adding Normal-NC mapping at 0x103fff70000 (0x4000)
TTY> MMU: SCTLR_EL1: 30900180 -> 30901085
TTY> MMU: running with MMU and caches enabled!
TTY> AIC: Version 3 @ 0x381000000
TTY> AIC: AIC3 with 1/2 dies, 2048/4096 IRQs, reg_size:40004, config:10000, extintrcfg_stride:04a00, intmaskset_stride:04a00, intmaskclear_stride:04a00
TTY> WDT registers @ 0x3882b0000
TTY> AP-WDT (t8132) deadline-arm: 00000000->00000000
TTY> WDT disabled
TTY> pmgr: Cleaning up device states...
TTY> pmgr: initialized, 392 devices on 1 dies found.
TTY> display: Display is internal
TTY> display: Display is already initialized (3024x1964)
TTY> fb init: 3024x1964 (30) [s=3024] @0x103e0050000
TTY> fb console: max rows 57, max cols 78
TTY> fb: display logo
TTY> Initialization complete.
TTY> Checking for payloads...
TTY> Devicetree compatible value: apple,j604
TTY> No more payloads at 0x100043cc000
TTY> No valid payload found
TTY> dart: dart /arm-io/dart-usb0 at 0x402f80000 is a t8110
TTY> USB0: initialized at 0x100049e8090
TTY> dart: dart /arm-io/dart-usb1 at 0x40af80000 is a t8110
TTY> USB1: initialized at 0x100049e8560
TTY> dart: dart /arm-io/dart-usb3 at 0x41af80000 is a t8110
TTY> USB3: initialized at 0x100049e8a60
TTY> Running proxy...
TTY> dapf: Initialized /arm-io/dart-aop
Fetching ADT (0x00084000 bytes)...
....
....
	p0CE = b'\x00\x00\x00\x00\x00\x00\x00\x00' -> b'\x00\x00\x02\x00\x00\x00\x00\x00'
	laCn = b'\x01' -> b'\x00'
	gila = b'\x00\x00\x00\x00' -> b'\x80\x00\x00\x00'
	tPOA = b'\x00\x00\x00\x00' -> b'\x01\x00\x00\x00'
[u]   [stable] CC=0x10 CS=0x48 IB=0x100101 OB=0x20001 r810=0x0 r814=0x0 r818=0x40000
[u] 
A1: rewrite INBOX in case trigger was missed
[u]   [A1] CC=0x10 CS=0x48 IB=0x200201 OB=0x20001 r810=0x0 r814=0x0 r818=0x40003
[u] 
A2: toggle +0x818 bit 0 off/on
[u]   cur +0x818 = 0x40005
[u]   [A2] CC=0x10 CS=0x48 IB=0x200201 OB=0x20001 r810=0x0 r814=0x0 r818=0x40007
[u] 
A3: try CPU_CONTROL additional bits
[u]   [A3a bit0] CC=0x10 CS=0x48 IB=0x200201 OB=0x20001 r810=0x0 r814=0x0 r818=0x40009
[u]   [A3b bit8] CC=0x110 CS=0x48 IB=0x200201 OB=0x20001 r810=0x0 r814=0x0 r818=0x4000b
[u] 
A4: doorbell neighbors
[u]   +0x1000: before=0x0 after=1 → read=0x0
[u]   +0x1008: before=0x0 after=1 → read=0x0
[u]   +0x100c: before=0x0 after=1 → read=0x0
[u]   +0x1010: before=0x0 after=1 → read=0x1
[u]   +0x1018: before=0x1 after=1 → read=0x0
[u]   +0x101c: before=0x0 after=1 → read=0x0
[u]   +0x1020: before=0x0 after=1 → read=0x0
[u] 
A5: try writing to INBOX_CTRL / OUTBOX_CTRL
[u]   orig IB_CTRL = 0x200201
[u]   [A5 rewrite] CC=0x10 CS=0x40 IB=0x200201 OB=0x20001 r810=0x0 r814=0x0 r818=0x4000d
[u]   [A5 re-enable] CC=0x10 CS=0x40 IB=0x200201 OB=0x20001 r810=0x0 r814=0x0 r818=0x4000f
[u] 
A6: try +0xb00/+0xb10/+0x444 writes
[u]   +0x444: before=0x10 write=1 after=0x10
[u]   +0xb00: before=0x1000000 write=1 after=0x1000000
[u]   +0xb10: before=0x14 write=1 after=0x14
[u] 
A7: long wait 10s...
[u]   [FINAL] CC=0x10 CS=0x40 IB=0x200201 OB=0x20001 r810=0x0 r814=0x0 r818=0x40011
[u] 
no unstick attempt worked
