Traceback (most recent call last):
  File "/home/kaden-lee/code/Bat_OS/scripts/hv/probe_aop_mega2.py", line 302, in <module>
    main()
  File "/home/kaden-lee/code/Bat_OS/scripts/hv/probe_aop_mega2.py", line 112, in main
    bootstrap_port(iface, p)
  File "/home/kaden-lee/code/Bat_OS/external/m1n1/proxyclient/m1n1/proxyutils.py", line 547, in bootstrap_port
    do_baud = proxy.iodev_whoami() == IODEV.UART
              ^^^^^^^^^^^^^^^^^^^^
  File "/home/kaden-lee/code/Bat_OS/external/m1n1/proxyclient/m1n1/proxy.py", line 1051, in iodev_whoami
    return IODEV(self.request(self.P_IODEV_WHOAMI))
                 ^^^^^^^^^^^^^^^^^^^^^^^^^^^^^^^^^
  File "/home/kaden-lee/code/Bat_OS/external/m1n1/proxyclient/m1n1/proxy.py", line 707, in request
    return self._request(opcode, *args2, **kwargs)
           ^^^^^^^^^^^^^^^^^^^^^^^^^^^^^^^^^^^^^^^
  File "/home/kaden-lee/code/Bat_OS/external/m1n1/proxyclient/m1n1/proxy.py", line 671, in _request
    reply = self.iface.proxyreq(req, reboot=reboot, no_reply=no_reply, pre_reply=None)
            ^^^^^^^^^^^^^^^^^^^^^^^^^^^^^^^^^^^^^^^^^^^^^^^^^^^^^^^^^^^^^^^^^^^^^^^^^^
  File "/home/kaden-lee/code/Bat_OS/external/m1n1/proxyclient/m1n1/proxy.py", line 387, in proxyreq
    return self.reply(self.REQ_PROXY)
           ^^^^^^^^^^^^^^^^^^^^^^^^^^
  File "/home/kaden-lee/code/Bat_OS/external/m1n1/proxyclient/m1n1/proxy.py", line 258, in reply
    reply += self.readfull(1)
             ^^^^^^^^^^^^^^^^
  File "/home/kaden-lee/code/Bat_OS/external/m1n1/proxyclient/m1n1/proxy.py", line 195, in readfull
    block = self.dev.read(size - len(d))
            ^^^^^^^^^^^^^^^^^^^^^^^^^^^^
  File "/usr/lib/python3/dist-packages/serial/serialposix.py", line 595, in read
    raise SerialException(
serial.serialutil.SerialException: device reports readiness to read but returned no data (device disconnected or multiple access on port?)
