TTY> Initialized dockchannel UART at 0x388128000
TTY> Device info:
TTY>   Model: Mac16,1
TTY>   Target: J604
TTY>   Board-ID: 0x22
TTY>   Chip-ID: 0x8132
TTY> 
TTY> CPU init (MIDR: 0x611f0531 smp_id:0x6)...
TTY>   CPU part: 0x53 rev: 0x11
TTY>   CPU: M4 Donan (P core)
TTY> 
TTY> boot_args at 0x10005ffc000
TTY>   revision:     3
TTY>   version:      2
TTY>   virt_base:    0x798000
TTY>   phys_base:    0x10002798000
TTY>   mem_size:     0x3d8f30000
TTY>   top_of_kdata: 0x1000600c000
TTY>   video:
TTY>     base:       0x103e0050000
TTY>     display:    0x1
TTY>     stride:     0x2f40
TTY>     width:      3024
TTY>     height:     1964
TTY>     depth:      30bpp
TTY>     density:    1
TTY>   machine_type: 0
TTY>   devtree:      0x3750000
TTY>   devtree_size: 0x84000
TTY>   cmdline:      
TTY>   boot_flags:   0x0
TTY>   mem_size_act: 0x400000000
TTY> 
TTY> 
TTY> 
TTY> m1n1 bcee7f2
TTY> Copyright The Asahi Linux Contributors
TTY> Licensed under the MIT license
TTY> 
TTY> Running in EL2
TTY> 
TTY> OS FW version: 26.3 (iBoot-13822.81.10)
TTY> System FW version: 26.3 (iBoot-13822.81.10)
TTY> Heap base: 0x1000600c000
TTY> MCC: Unsupported version:mcc,t8132
TTY> MMU: Initializing...
TTY> MMU: RAM base: 0x10000000000
TTY> MMU: Top of normal RAM: 0x103db6c8000
TTY> MMU: Adding Device-nGnRE mapping at 0x1c50000000 (0x4000)
TTY> MMU: Adding Device-nGnRE mapping at 0x1c60000000 (0x4000)
TTY> MMU: Adding Device-nGnRE mapping at 0x1c70000000 (0x4000)
TTY> MMU: Adding Device-nGnRE mapping at 0x1c80000000 (0x4000)
TTY> MMU: Adding Device-nGnRE mapping at 0x1cb0000000 (0x14000)
TTY> MMU: Adding Normal-NC mapping at 0x103fff1c000 (0x20000)
TTY> MMU: Adding Normal-NC mapping at 0x103ffedc000 (0x10000)
TTY> MMU: Adding Normal-NC mapping at 0x103ffebc000 (0x20000)
TTY> MMU: Adding Normal-NC mapping at 0x103ffe7c000 (0x10000)
TTY> MMU: Adding Normal-NC mapping at 0x103ffe5c000 (0x20000)
TTY> MMU: Adding Normal-NC mapping at 0x103ffe1c000 (0x10000)
TTY> MMU: Adding Normal-NC mapping at 0x103fffb8000 (0x4000)
TTY> MMU: Adding Normal-NC mapping at 0x103fff70000 (0x4000)
TTY> MMU: SCTLR_EL1: 30000180 -> 30901085
TTY> MMU: running with MMU and caches enabled!
TTY> AIC: Version 3 @ 0x381000000
TTY> AIC: AIC3 with 1/2 dies, 2048/4096 IRQs, reg_size:40004, config:10000, extintrcfg_stride:04a00, intmaskset_stride:04a00, intmaskclear_stride:04a00
TTY> WDT registers @ 0x3882b0000
TTY> WDT disabled
TTY> pmgr: Cleaning up device states...
TTY> pmgr: initialized, 392 devices on 1 dies found.
TTY> display: Display is internal
TTY> display: Display is already initialized (3024x1964)
TTY> fb init: 3024x1964 (30) [s=3024] @0x103e0050000
TTY> fb console: max rows 57, max cols 78
TTY> fb: display logo
TTY> cpufreq: Chip 0x8132 is unsupported
TTY> Initialization complete.
TTY> Checking for payloads...
TTY> Devicetree compatible value: apple,j604
TTY> Unknown payload at 0x10005940000 (magic: 5b41464b)
TTY> No valid payload found
TTY> dart: dart /arm-io/dart-usb0 at 0x402f80000 is a t8110
TTY> USB0: initialized at 0x10006010090
TTY> dart: dart /arm-io/dart-usb1 at 0x40af80000 is a t8110
TTY> USB1: initialized at 0x10006010560
TTY> dart: dart /arm-io/dart-usb3 at 0x41af80000 is a t8110
TTY> USB3: initialized at 0x10006010a60
TTY> Running proxy...
[v8] chainloading patched m1n1...
LOAD: _HDR 16384 bytes from 0 to 0
LOAD: TEXT 327680 bytes from 4000 to 4000
LOAD: RODA 114688 bytes from 54000 to 54000
LOAD: DATA 425984 bytes from 70000 to 70000
ZERO: 245760 bytes from 0xd8000 to 0x114000
LOAD: PYLD 0 bytes from d8000 to 114000
SKIP: 67108864 bytes from 0x114000 to 0x4114000
Fetching ADT (0x00084000 bytes)...
.............................
Pushing ADT (528924 bytes)...
TTY> Preparing to run next stage at 0x10010d6c200...
Waiting for reconnection... ....................... Connected
TTY> Initialized dockchannel UART at 0x388128000
TTY> Device info:
TTY>   Model: Mac16,1
TTY>   Target: J604
TTY>   Board-ID: 0x22
TTY>   Chip-ID: 0x8132
TTY> 
TTY> CPU init (MIDR: 0x611f0531 smp_id:0x6)...
TTY>   CPU part: 0x53 rev: 0x11
TTY>   CPU: M4 Donan (P core)
TTY> 
TTY> boot_args at 0x10005f5c000
TTY>   revision:     3
TTY>   version:      2
TTY>   virt_base:    0x798000
TTY>   phys_base:    0x10002798000
TTY>   mem_size:     0x3d8f30000
TTY>   top_of_kdata: 0x10005f60000
TTY>   video:
TTY>     base:       0x103e0050000
TTY>     display:    0x1
TTY>     stride:     0x2f40
TTY>     width:      3024
TTY>     height:     1964
TTY>     depth:      30bpp
TTY>     density:    1
TTY>   machine_type: 0
TTY>   devtree:      0x3750000
TTY>   devtree_size: 0x84000
TTY>   cmdline:      
TTY>   boot_flags:   0x0
TTY>   mem_size_act: 0x400000000
TTY> 
TTY> 
TTY> 
TTY> m1n1 unknown
TTY> Copyright The Asahi Linux Contributors
TTY> Licensed under the MIT license
TTY> 
TTY> Running in EL2
TTY> 
TTY> OS FW version: 26.3 (iBoot-13822.81.10)
TTY> System FW version: 26.3 (iBoot-13822.81.10)
TTY> Heap base: 0x10005f60000
TTY> MCC: Unsupported version:mcc,t8132
TTY> MMU: Initializing...
TTY> MMU: RAM base: 0x10000000000
TTY> MMU: Top of normal RAM: 0x103db6c8000
TTY> MMU: Adding Device-nGnRE mapping at 0x1c50000000 (0x4000)
TTY> MMU: Adding Device-nGnRE mapping at 0x1c60000000 (0x4000)
TTY> MMU: Adding Device-nGnRE mapping at 0x1c70000000 (0x4000)
TTY> MMU: Adding Device-nGnRE mapping at 0x1c80000000 (0x4000)
TTY> MMU: Adding Device-nGnRE mapping at 0x1cb0000000 (0x14000)
TTY> MMU: Adding Normal-NC mapping at 0x103fff1c000 (0x20000)
TTY> MMU: Adding Normal-NC mapping at 0x103ffedc000 (0x10000)
TTY> MMU: Adding Normal-NC mapping at 0x103ffebc000 (0x20000)
TTY> MMU: Adding Normal-NC mapping at 0x103ffe7c000 (0x10000)
TTY> MMU: Adding Normal-NC mapping at 0x103ffe5c000 (0x20000)
TTY> MMU: Adding Normal-NC mapping at 0x103ffe1c000 (0x10000)
TTY> MMU: Adding Normal-NC mapping at 0x103fffb8000 (0x4000)
TTY> MMU: Adding Normal-NC mapping at 0x103fff70000 (0x4000)
TTY> MMU: SCTLR_EL1: 30900180 -> 30901085
TTY> MMU: running with MMU and caches enabled!
TTY> AIC: Version 3 @ 0x381000000
TTY> AIC: AIC3 with 1/2 dies, 2048/4096 IRQs, reg_size:40004, config:10000, extintrcfg_stride:04a00, intmaskset_stride:04a00, intmaskclear_stride:04a00
TTY> WDT registers @ 0x3882b0000
TTY> AP-WDT (t8132) deadline-arm: 00000000->00000000
TTY> WDT disabled
TTY> pmgr: Cleaning up device states...
TTY> pmgr: initialized, 392 devices on 1 dies found.
TTY> display: Display is internal
TTY> display: Display is already initialized (3024x1964)
TTY> fb init: 3024x1964 (30) [s=3024] @0x103e0050000
TTY> fb console: max rows 57, max cols 78
TTY> fb: display logo
TTY> Initialization complete.
TTY> Checking for payloads...
TTY> Devicetree compatible value: apple,j604
TTY> No more payloads at 0x10005948000
TTY> No valid payload found
TTY> dart: dart /arm-io/dart-usb0 at 0x402f80000 is a t8110
TTY> USB0: initialized at 0x10005f64090
TTY> dart: dart /arm-io/dart-usb1 at 0x40af80000 is a t8110
TTY> USB1: initialized at 0x10005f64560
TTY> dart: dart /arm-io/dart-usb3 at 0x41af80000 is a t8110
TTY> USB3: initialized at 0x10005f64a60
TTY> Running proxy...
[v8] 
=== STEP 1: Boot SMC via SMCClient ===
Fetching ADT (0x00084000 bytes)...
[v8]   SMC ASC base: 0x38c600000
[mgmt] Starting via message
[mgmt] Supported versions 12 .. 12
[mgmt] Adding endpoint 0x0
[mgmt] Adding endpoint 0x1
[mgmt] Adding endpoint 0x2
[mgmt] Adding endpoint 0x4
[mgmt] Adding endpoint 0x8
[mgmt] Adding endpoint 0x20
Starting endpoint #0x1 (crash)
Starting endpoint #0x2 (syslog)
Starting endpoint #0x4 (iorep)
Starting endpoint #0x8 (iorep)
[crash] buf prealloc at dva 0x38de70000
[iorep] buf prealloc 0x38de76000 / 0x38de76000
[iorep] start
[iorep] report!
[iorep] report!
[iorep] report!
[iorep] report!
[iorep] report!
[iorep] report!
[iorep] report!
[iorep] report!
[iorep] report!
[iorep] report!
[iorep] report!
[iorep] report!
[mgmt] IOP power state is now 0x20
[syslog] count 32, entrysize 96
[syslog] buf prealloc at dva 0x38de74000
[iorep] buf prealloc 0xff800038de75000 / 0xff800038de75000
unknown message: 0x31f10429f116b04 / 0x406a0000000008 (EP=0x8)
unknown message: 0x4000020ec3e48f3 / 0x307a0000000008 (EP=0x8)
unknown message: 0x40000402b69c982 / 0x208a0000000008 (EP=0x8)
unknown message: 0x400006063f6328d / 0x109a0000000008 (EP=0x8)
[mgmt] AP power state is now 0x20
[mgmt] Startup complete
Starting endpoint #0x20 (smcep)
[smcep] Starting up
[v8]   *** SMC UP: iop=0x20 ap=0x20 ***
[v8] 
=== STEP 2: AOP dapf + stage ===
TTY> dapf: Initialized /arm-io/dart-aop
....
....
[v8] AOP FW staged
	p0CE = b'\x00\x00\x00\x00\x00\x00\x00\x00' -> b'\x00\x00\x02\x00\x00\x00\x00\x00'
	laCn = b'\x01' -> b'\x00'
	gila = b'\x00\x00\x00\x00' -> b'\x80\x00\x00\x00'
	tPOA = b'\x00\x00\x00\x00' -> b'\x01\x00\x00\x00'
[v8] bootargs updated
[v8]   [pre-RUN] CC=0x0 CS=0x6a IB=0x20001 OB=0x20001
[v8] 
=== STEP 3: AOP RUN=1 + SetIOPPower + doorbell ===
[v8]   [post-RUN] CC=0x10 CS=0x68 IB=0x20001 OB=0x20001
[v8]   [post-send] CC=0x10 CS=0x48 IB=0x100101 OB=0x20001
[v8]   [post-ring] CC=0x10 CS=0x40 IB=0x100101 OB=0x20001
[v8] 
poll OUTBOX 10 s (w/ SMC up)...
[v8]     t= 0.00s CS=0x40 OB=0x20001 IB=0x100101
[v8] 
=== SUMMARY ===
[v8]   SMC booted: yes
[v8]   AOP msgs: 0
