m1n1 base: 0x10004e18000
Fetching ADT (0x00084000 bytes)...
Total region size: 0x15a8000 bytes
Loading kernel image (0xf922d4 bytes)...
..................................................................................................................................................................................................................................................................................................................................................
Copying SEPFW (0x5d0000 bytes)...
Adjusting addresses in ADT...
Skipping secondary CPU RVBAR writes (--skip-secondary-cpus / M4 workaround)
Pushing ADT (528760 bytes)...
Setting up bootargs...
Copying stub...
Entry point: 0x10004e18000
Reloading into stub at 0x100112cc200
TTY> Preparing to run next stage at 0x100112cc200...
Waiting for reconnection... ........................................................................................................................................................................................................Traceback (most recent call last):
  File "/home/kaden-lee/code/Bat_OS/external/m1n1/proxyclient/m1n1/proxy.py", line 339, in wait_boot
    return self.reply(self.REQ_BOOT)
           ^^^^^^^^^^^^^^^^^^^^^^^^^
  File "/home/kaden-lee/code/Bat_OS/external/m1n1/proxyclient/m1n1/proxy.py", line 258, in reply
    reply += self.readfull(1)
             ^^^^^^^^^^^^^^^^
  File "/home/kaden-lee/code/Bat_OS/external/m1n1/proxyclient/m1n1/proxy.py", line 195, in readfull
    block = self.dev.read(size - len(d))
            ^^^^^^^^^^^^^^^^^^^^^^^^^^^^
  File "/usr/lib/python3/dist-packages/serial/serialposix.py", line 595, in read
    raise SerialException(
serial.serialutil.SerialException: device reports readiness to read but returned no data (device disconnected or multiple access on port?)

During handling of the above exception, another exception occurred:

Traceback (most recent call last):
  File "/home/kaden-lee/code/Bat_OS/external/m1n1/proxyclient/tools/chainload.py", line 176, in <module>
    p.reload(stub.addr, new_base + bootargs_off, image_addr, new_base, image_size)
  File "/home/kaden-lee/code/Bat_OS/external/m1n1/proxyclient/m1n1/proxy.py", line 727, in reload
    self.iface.wait_boot()
  File "/home/kaden-lee/code/Bat_OS/external/m1n1/proxyclient/m1n1/proxy.py", line 355, in wait_boot
    raise UartTimeout("Reconnection timed out")
m1n1.proxy.UartTimeout: Reconnection timed out
