# PT[200000000:23d29c044] -> HW:HW
# PT[23d29c044:23d29c048] -> RESERVED PMGR HACK
# PT[23d29c048:23d29c05c] -> HW:HW
# PT[23d29c05c:23d29c060] -> RESERVED PMGR HACK
# PT[23d29c060:3807002d8] -> HW:HW
# PT[3807002d8:3807002dc] -> RESERVED PMGR HACK
# PT[3807002dc:3807003d8] -> HW:HW
# PT[3807003d8:3807003dc] -> RESERVED PMGR HACK
# PT[3807003dc:380700428] -> HW:HW
# PT[380700428:38070042c] -> RESERVED PMGR HACK
# PT[38070042c:380734000] -> HW:HW
# PT[380734000:380734020] -> RESERVED CPU_START
# PT[380734020:388128000] -> HW:HW
# PT[388128000:388130000] -> RESERVED VUART-DC
# PT[388130000:3882800b8] -> HW:HW
# PT[3882800b8:3882800bc] -> RESERVED PMGR HACK
# PT[3882800bc:3882800c8] -> HW:HW
# PT[3882800c8:3882800cc] -> RESERVED PMGR HACK
# PT[3882800cc:3882a4000] -> HW:HW
# PT[3882a4000:3882a8000] -> ASYNC.RW PrintTracer
# PT[3882a8000:394600000] -> HW:HW
# PT[394600000:394688000] -> SYNC.RW MTPTracer@/arm-io/mtp
# PT[394688000:394800000] -> HW:HW
# PT[394800000:39480c000] -> ASYNC.RW PrintTracer (+ DARTTracer@/arm-io/dart-mtp)
# PT[39480c000:394810000] -> HW:HW
# PT[394810000:394814000] -> ASYNC.RW PrintTracer
# PT[394814000:394b14000] -> HW:HW
# PT[394b14000:394b15000] -> SYNC.RW MTPChannelTracer@/arm-io/dockchannel-mtp
# PT[394b15000:394b30000] -> HW:HW
# PT[394b30000:394b31000] -> SYNC.RW MTPChannelTracer@/arm-io/dockchannel-mtp
# PT[394b31000:394b34000] -> HW:HW
# PT[394b34000:394b35000] -> SYNC.RW MTPChannelTracer@/arm-io/dockchannel-mtp
# PT[394b35000:3ad200000] -> HW:HW
# PT[3ad200000:3ad204000] -> RESERVED VUART
# PT[3ad204000:5a0000000] -> HW:HW
# PT[800000000:ae0000000] -> HW:HW
# PT[b80000000:be0000000] -> HW:HW
# PT[c00000000:e80000000] -> HW:HW
# PT[1000000000:1280000000] -> HW:HW
# PT[1400000000:1680000000] -> HW:HW
# PT[1c50000000:1c90000000] -> HW:HW
# PT[1cb0000000:1cc0000000] -> HW:HW
# PT[10000000000:10002798000] -> HW:RAM-LOW
# PT[10018b44000:10400000000] -> HW:RAM-HIGH
