Fetching ADT (0x00084000 bytes)...
Disable iodev 4
Disable iodev 6
Disable iodev 7
Disable iodev 8
Disable iodev 9
Disable iodev 10
Disable iodev 11
Initializing hypervisor over iodev 5
TTY> [hv_init] M0 enter
TTY> [hv_init] M1 pcie_shutdown
TTY> [hv_init] M2 display_shutdown
TTY> [hv_init] M3 usb_hpm_restore
TTY> Starting secondary CPUs...
TTY> [hv_init] M4 smp_start_secondaries
TTY> [hv_init] M5 smp_set_wfe_mode
TTY> [hv_init] M6 hv_wdt_init
TTY> [hv_init] M6.5 hv_exc_stats_init
TTY> HV: Initializing for 42-bit PA range
TTY> [hv_init] M7 hv_pt_init
TTY> [hv_init] M8 hv_write_hcr
TTY> [hv_init] M9 msr VBAR_EL12
TTY> [hv_init] M10 tick_interval
TTY> [hv_init] M11 has_ecv=1
TTY> HV: ECV enabled
TTY> [hv_init] M12 CNTHCTL set
TTY> [hv_init] M13 cyc_ovrd
TTY> [hv_init] M14 done
TTY> [hv_init] M15 AP-WDT regs: r1 00000000->00000000  r2 0000007c->ffffffff  r3 00000000->ffffffff  r4 00000000->ffffffff
Mapping MMIO range: 0x200000000 .. 0x5a0000000
Mapping MMIO range: 0x400000000 .. 0x404074000
Mapping MMIO range: 0x408000000 .. 0x40c074000
Mapping MMIO range: 0x410000000 .. 0x414074000
Mapping MMIO range: 0x418000000 .. 0x41c074000
Mapping MMIO range: 0x800000000 .. 0xa00000000
Mapping MMIO range: 0xc00000000 .. 0xe00000000
Mapping MMIO range: 0x1000000000 .. 0x1200000000
Mapping MMIO range: 0x1400000000 .. 0x1600000000
Mapping MMIO range: 0xa00000000 .. 0xa80000000
Mapping MMIO range: 0xe00000000 .. 0xe80000000
Mapping MMIO range: 0x1200000000 .. 0x1280000000
Mapping MMIO range: 0x1600000000 .. 0x1680000000
Mapping MMIO range: 0x1c50000000 .. 0x1c60000000
Mapping MMIO range: 0x1c60000000 .. 0x1c70000000
Mapping MMIO range: 0x1c70000000 .. 0x1c80000000
Mapping MMIO range: 0x1c80000000 .. 0x1c90000000
Mapping MMIO range: 0x404000000 .. 0x404074000
Mapping MMIO range: 0x40c000000 .. 0x40c074000
Mapping MMIO range: 0x414000000 .. 0x414074000
Mapping MMIO range: 0x41c000000 .. 0x41c074000
Mapping MMIO range: 0x490000000 .. 0x497060000
Mapping MMIO range: 0x1cb0000000 .. 0x1cc0000000
Mapping MMIO range: 0xbc0000000 .. 0xbe0000000
Mapping MMIO range: 0xb80000000 .. 0xbc0000000
Mapping MMIO range: 0xac0000000 .. 0xae0000000
Mapping MMIO range: 0xa80000000 .. 0xac0000000
Mapped dockchannel vuart at 0x388128000
Removing ADT node /arm-io/dart-usb1
Removing ADT node /arm-io/atc-phy1
Removing ADT node /arm-io/usb-drd1
Removing ADT node /arm-io/acio1
Removing ADT node /arm-io/acio-cpu1
Removing ADT node /arm-io/dart-acio1
Removing ADT node /arm-io/apciec1
Removing ADT node /arm-io/dart-apciec1
Removing ADT node /arm-io/apciec1-piodma
Removing ADT node /arm-io/i2c0/hpmBusManager/hpm1
Removing ADT node /arm-io/i2c0/hpmBusManager1/hpm1
Removing ADT node /arm-io/i2c3/hpmBusManager0/hpm1
Removing ADT node /arm-io/nub-spmi-a0/hpm1
Removing ADT node /arm-io/atc1-dpxbar
Removing ADT node /arm-io/atc1-dpphy
Removing ADT node /arm-io/atc1-dpin0
Removing ADT node /arm-io/atc1-dpin1
Removing ADT node /arm-io/atc-phy1
HV log: /tmp/mtp_hv_v7.log
Loading /home/kaden-lee/code/Bat_OS/macos_dump/kernelcache.mac16j.bin (120963072 bytes)...
LOAD: __TEXT 32768 bytes from 0 to 0
LOAD: __PRELINK_TEXT 13238272 bytes from 8000 to 8000
LOAD: __DATA_CONST 11993088 bytes from ca8000 to ca8000
LOAD: __DATA_SPTM 344064 bytes from 1818000 to 1818000
LOAD: __TEXT_EXEC 60080128 bytes from 186c000 to 186c000
LOAD: __TEXT_BOOT_EXEC 32768 bytes from 51b8000 to 51b8000
LOAD: __PRELINK_INFO 4096000 bytes from 51c0000 to 51c0000
LOAD: __DATA 4734976 bytes from 55a8000 to 55a8000
LOAD: __LINKEDIT 26411008 bytes from 5a2c000 to 5a2c000
Total region size: 0x7970000 bytes
Physical memory: 0x100186ac000 .. 0x103db6c8000
Guest region start: 0x10019790000
Mapping guest physical memory...
Unmapping TZ carveouts...
Loading kernel image (0x735c000 bytes)...
.............................................................................................................................................................................................................................................................................................................................................................................................................................................................................................................................................................................................................................................................................................................................................................................................................................................................................................................................................................................................................................................................................................................................................................................................................................................................................................................................................................................................................................................................................................................................................................................................................................................................................................................................................................................................................................................................................................................................................................................................................................................................................................................................................................................................................................................................................................................................................................................................................................................................................................................................................................................................................................................................................................................................................................................................................................................................................................................................................................................................................................................................................................................................................................................................................................................................................................................................................................................................................................................................................................................................................................................................................................................................................................................................................................................................................................................................................................................................................................................................................................................................................................................................................................................................................................................................................................................................................................................................................................................................................................................................................................................................................................................................
Copying SEPFW (0x5d0000 bytes)...
Copying TrustCache (0x60000 bytes)...
Copying preoslog (0x40000 bytes)...
Adjusting addresses in ADT...
Removing __OS_LOG from aop
Removing __OS_LOG from iop-aop-nub
Removing __OS_LOG from mtp
Removing __OS_LOG from iop-mtp-nub
Removing __OS_LOG from dcp
Removing __OS_LOG from iop-dcp-nub
Removing __OS_LOG from dcpext0
Removing __OS_LOG from iop-dcpext0-nub
Removing __OS_LOG from dcpext1
Removing __OS_LOG from iop-dcpext1-nub
Setting up bootargs at 0x100210fc000...
Skipping secondary CPU RVBARs (M4 P-cluster SErrors)
Patching entry prelude at 0x1001e948010 (16 bytes)
Installing MTP tracer: /home/kaden-lee/code/Bat_OS/external/m1n1/proxyclient/hv/trace_mtp.py
Starting guest (macOS kernelcache under HV) ...
Disabling other iodevs...
 - 0
 - 1
 - 2
 - 3
 - 4
 - 6
 - 7
 - 8
 - 9
 - 10
 - 11
Doing essential MMIO remaps...
Updating page tables...
PT[200000000:23d29c044] -> HW:HW
PT[23d29c044:23d29c048] -> RESERVED PMGR HACK
PT[23d29c048:23d29c05c] -> HW:HW
PT[23d29c05c:23d29c060] -> RESERVED PMGR HACK
PT[23d29c060:3807002d8] -> HW:HW
PT[3807002d8:3807002dc] -> RESERVED PMGR HACK
PT[3807002dc:3807003d8] -> HW:HW
PT[3807003d8:3807003dc] -> RESERVED PMGR HACK
PT[3807003dc:380700428] -> HW:HW
PT[380700428:38070042c] -> RESERVED PMGR HACK
PT[38070042c:380734000] -> HW:HW
PT[380734000:380734020] -> RESERVED CPU_START
PT[380734020:388128000] -> HW:HW
PT[388128000:388130000] -> RESERVED VUART-DC
PT[388130000:3882800b8] -> HW:HW
PT[3882800b8:3882800bc] -> RESERVED PMGR HACK
PT[3882800bc:3882800c8] -> HW:HW
PT[3882800c8:3882800cc] -> RESERVED PMGR HACK
PT[3882800cc:3882a4000] -> HW:HW
PT[3882a4000:3882a8000] -> ASYNC.RW PrintTracer
PT[3882a8000:394600000] -> HW:HW
PT[394600000:394688000] -> SYNC.RW MTPTracer@/arm-io/mtp
PT[394688000:394800000] -> HW:HW
PT[394800000:39480c000] -> ASYNC.RW PrintTracer (+ DARTTracer@/arm-io/dart-mtp)
PT[39480c000:394810000] -> HW:HW
PT[394810000:394814000] -> ASYNC.RW PrintTracer
PT[394814000:394b14000] -> HW:HW
PT[394b14000:394b15000] -> SYNC.RW MTPChannelTracer@/arm-io/dockchannel-mtp
PT[394b15000:394b30000] -> HW:HW
PT[394b30000:394b31000] -> SYNC.RW MTPChannelTracer@/arm-io/dockchannel-mtp
PT[394b31000:394b34000] -> HW:HW
PT[394b34000:394b35000] -> SYNC.RW MTPChannelTracer@/arm-io/dockchannel-mtp
PT[394b35000:3ad200000] -> HW:HW
PT[3ad200000:3ad204000] -> RESERVED VUART
PT[3ad204000:5a0000000] -> HW:HW
PT[800000000:ae0000000] -> HW:HW
PT[b80000000:be0000000] -> HW:HW
PT[c00000000:e80000000] -> HW:HW
PT[1000000000:1280000000] -> HW:HW
PT[1400000000:1680000000] -> HW:HW
PT[1c50000000:1c90000000] -> HW:HW
PT[1cb0000000:1cc0000000] -> HW:HW
PT[10000000000:10002798000] -> HW:RAM-LOW
PT[100186ac000:10400000000] -> HW:RAM-HIGH
Uploading ADT (0x77d00 bytes)...
Improving logo...
Shutting down framebuffer...
Skipping SPRR/GXF enable (not available on M4)
Jumping to entrypoint at 0x1001e948000
hv_start override: x0=4 x1=0x100210fc000 x2=0 x3=0x10021120000 entry=0x1001e948000
TTY> [hv_start] S0 enter
TTY> [hv_start] S1 VBAR_EL1
TTY> [hv_start] S2 gxf_vbar
TTY> [hv_start] S3 arch MRS
TTY> [hv_start] S4 AMX/VMKEY MRS
TTY> [hv_start] S5 ACTLR/CNTHCTL MRS
TTY> [hv_start] S6 SPRR/GXF MRS
TTY> [hv_start] S7 hv_arm_tick armed (m4 re-enabled)
TTY> [hv_start] S8 entering guest @ 0x1001e948000 x0=4

=== EL1 sysreg dump (at exception reason=2 code=0) ===
  SCTLR_EL12     = 0x0000000030d50980
  TTBR0_EL12     = 0x0000000000000000
  TTBR1_EL12     = 0x0000000000000000
  TCR_EL12       = 0x0000000340008000
  MAIR_EL12      = 0x0000000000000000
  CPACR_EL12     = 0x0000000003300000
  SPSR_EL12      = 0x0000000020000405
  ELR_EL12       = 0x8010d7e1019ffe5c
  ESR_EL12       = 0x0000000086000000
  FAR_EL12       = 0x8010d7e1019ffe5c
  VBAR_EL12      = 0x0000000000000000
  SP_EL1         = 0x000001002111fcd0
