TTY> Initialized dockchannel UART at 0x388128000
TTY> Device info:
TTY>   Model: Mac16,1
TTY>   Target: J604
TTY>   Board-ID: 0x22
TTY>   Chip-ID: 0x8132
TTY> 
TTY> CPU init (MIDR: 0x611f0531 smp_id:0x6)...
TTY>   CPU part: 0x53 rev: 0x11
TTY>   CPU: M4 Donan (P core)
TTY> 
TTY> boot_args at 0x10005b44000
TTY>   revision:     3
TTY>   version:      2
TTY>   virt_base:    0xe798000
TTY>   phys_base:    0x10002798000
TTY>   mem_size:     0x3d8f30000
TTY>   top_of_kdata: 0x10005b54000
TTY>   video:
TTY>     base:       0x103e0050000
TTY>     display:    0x1
TTY>     stride:     0x2f40
TTY>     width:      3024
TTY>     height:     1964
TTY>     depth:      30bpp
TTY>     density:    1
TTY>   machine_type: 0
TTY>   devtree:      0x11298000
TTY>   devtree_size: 0x84000
TTY>   cmdline:      
TTY>   boot_flags:   0x0
TTY>   mem_size_act: 0x400000000
TTY> 
TTY> 
TTY> 
TTY> m1n1 bcee7f2
TTY> Copyright The Asahi Linux Contributors
TTY> Licensed under the MIT license
TTY> 
TTY> Running in EL2
TTY> 
TTY> OS FW version: 26.3 (iBoot-13822.81.10)
TTY> System FW version: 26.3 (iBoot-13822.81.10)
TTY> Heap base: 0x10005b54000
TTY> MCC: Unsupported version:mcc,t8132
TTY> MMU: Initializing...
TTY> MMU: RAM base: 0x10000000000
TTY> MMU: Top of normal RAM: 0x103db6c8000
TTY> MMU: Adding Device-nGnRE mapping at 0x1c50000000 (0x4000)
TTY> MMU: Adding Device-nGnRE mapping at 0x1c60000000 (0x4000)
TTY> MMU: Adding Device-nGnRE mapping at 0x1c70000000 (0x4000)
TTY> MMU: Adding Device-nGnRE mapping at 0x1c80000000 (0x4000)
TTY> MMU: Adding Device-nGnRE mapping at 0x1cb0000000 (0x14000)
TTY> MMU: Adding Normal-NC mapping at 0x103fff1c000 (0x20000)
TTY> MMU: Adding Normal-NC mapping at 0x103ffedc000 (0x10000)
TTY> MMU: Adding Normal-NC mapping at 0x103ffebc000 (0x20000)
TTY> MMU: Adding Normal-NC mapping at 0x103ffe7c000 (0x10000)
TTY> MMU: Adding Normal-NC mapping at 0x103ffe5c000 (0x20000)
TTY> MMU: Adding Normal-NC mapping at 0x103ffe1c000 (0x10000)
TTY> MMU: Adding Normal-NC mapping at 0x103fffb8000 (0x4000)
TTY> MMU: Adding Normal-NC mapping at 0x103fff70000 (0x4000)
TTY> MMU: SCTLR_EL1: 30000180 -> 30901085
TTY> MMU: running with MMU and caches enabled!
TTY> AIC: Version 3 @ 0x381000000
TTY> AIC: AIC3 with 1/2 dies, 2048/4096 IRQs, reg_size:40004, config:10000, extintrcfg_stride:04a00, intmaskset_stride:04a00, intmaskclear_stride:04a00
TTY> WDT registers @ 0x3882b0000
TTY> WDT disabled
TTY> pmgr: Cleaning up device states...
TTY> pmgr: initialized, 392 devices on 1 dies found.
TTY> display: Display is internal
TTY> display: Display is already initialized (3024x1964)
TTY> fb init: 3024x1964 (30) [s=3024] @0x103e0050000
TTY> fb console: max rows 57, max cols 78
TTY> fb: display logo
TTY> cpufreq: Chip 0x8132 is unsupported
TTY> Initialization complete.
TTY> Checking for payloads...
TTY> Devicetree compatible value: apple,j604
TTY> Unknown payload at 0x10005488000 (magic: 5b41464b)
TTY> No valid payload found
TTY> dart: dart /arm-io/dart-usb0 at 0x402f80000 is a t8110
TTY> USB0: initialized at 0x10005b58090
TTY> dart: dart /arm-io/dart-usb1 at 0x40af80000 is a t8110
TTY> USB1: initialized at 0x10005b58560
TTY> dart: dart /arm-io/dart-usb3 at 0x41af80000 is a t8110
TTY> USB3: initialized at 0x10005b58a60
TTY> Running proxy...
[v2] chainloading patched m1n1...
LOAD: _HDR 16384 bytes from 0 to 0
LOAD: TEXT 327680 bytes from 4000 to 4000
LOAD: RODA 114688 bytes from 54000 to 54000
LOAD: DATA 425984 bytes from 70000 to 70000
ZERO: 245760 bytes from 0xd8000 to 0x114000
LOAD: PYLD 0 bytes from d8000 to 114000
SKIP: 67108864 bytes from 0x114000 to 0x4114000
Fetching ADT (0x00084000 bytes)...
.............................
Pushing ADT (528924 bytes)...
TTY> Preparing to run next stage at 0x100108b4200...
Waiting for reconnection... ....................... Connected
TTY> Initialized dockchannel UART at 0x388128000
TTY> Device info:
TTY>   Model: Mac16,1
TTY>   Target: J604
TTY>   Board-ID: 0x22
TTY>   Chip-ID: 0x8132
TTY> 
TTY> CPU init (MIDR: 0x611f0531 smp_id:0x6)...
TTY>   CPU part: 0x53 rev: 0x11
TTY>   CPU: M4 Donan (P core)
TTY> 
TTY> boot_args at 0x10005aa4000
TTY>   revision:     3
TTY>   version:      2
TTY>   virt_base:    0xe798000
TTY>   phys_base:    0x10002798000
TTY>   mem_size:     0x3d8f30000
TTY>   top_of_kdata: 0x10005aa8000
TTY>   video:
TTY>     base:       0x103e0050000
TTY>     display:    0x1
TTY>     stride:     0x2f40
TTY>     width:      3024
TTY>     height:     1964
TTY>     depth:      30bpp
TTY>     density:    1
TTY>   machine_type: 0
TTY>   devtree:      0x11298000
TTY>   devtree_size: 0x84000
TTY>   cmdline:      
TTY>   boot_flags:   0x0
TTY>   mem_size_act: 0x400000000
TTY> 
TTY> 
TTY> 
TTY> m1n1 unknown
TTY> Copyright The Asahi Linux Contributors
TTY> Licensed under the MIT license
TTY> 
TTY> Running in EL2
TTY> 
TTY> OS FW version: 26.3 (iBoot-13822.81.10)
TTY> System FW version: 26.3 (iBoot-13822.81.10)
TTY> Heap base: 0x10005aa8000
TTY> MCC: Unsupported version:mcc,t8132
TTY> MMU: Initializing...
TTY> MMU: RAM base: 0x10000000000
TTY> MMU: Top of normal RAM: 0x103db6c8000
TTY> MMU: Adding Device-nGnRE mapping at 0x1c50000000 (0x4000)
TTY> MMU: Adding Device-nGnRE mapping at 0x1c60000000 (0x4000)
TTY> MMU: Adding Device-nGnRE mapping at 0x1c70000000 (0x4000)
TTY> MMU: Adding Device-nGnRE mapping at 0x1c80000000 (0x4000)
TTY> MMU: Adding Device-nGnRE mapping at 0x1cb0000000 (0x14000)
TTY> MMU: Adding Normal-NC mapping at 0x103fff1c000 (0x20000)
TTY> MMU: Adding Normal-NC mapping at 0x103ffedc000 (0x10000)
TTY> MMU: Adding Normal-NC mapping at 0x103ffebc000 (0x20000)
TTY> MMU: Adding Normal-NC mapping at 0x103ffe7c000 (0x10000)
TTY> MMU: Adding Normal-NC mapping at 0x103ffe5c000 (0x20000)
TTY> MMU: Adding Normal-NC mapping at 0x103ffe1c000 (0x10000)
TTY> MMU: Adding Normal-NC mapping at 0x103fffb8000 (0x4000)
TTY> MMU: Adding Normal-NC mapping at 0x103fff70000 (0x4000)
TTY> MMU: SCTLR_EL1: 30900180 -> 30901085
TTY> MMU: running with MMU and caches enabled!
TTY> AIC: Version 3 @ 0x381000000
TTY> AIC: AIC3 with 1/2 dies, 2048/4096 IRQs, reg_size:40004, config:10000, extintrcfg_stride:04a00, intmaskset_stride:04a00, intmaskclear_stride:04a00
TTY> WDT registers @ 0x3882b0000
TTY> AP-WDT (t8132) deadline-arm: 00000000->00000000
TTY> WDT disabled
TTY> pmgr: Cleaning up device states...
TTY> pmgr: initialized, 392 devices on 1 dies found.
TTY> display: Display is internal
TTY> display: Display is already initialized (3024x1964)
TTY> fb init: 3024x1964 (30) [s=3024] @0x103e0050000
TTY> fb console: max rows 57, max cols 78
TTY> fb: display logo
TTY> Initialization complete.
TTY> Checking for payloads...
TTY> Devicetree compatible value: apple,j604
TTY> No more payloads at 0x10005490000
TTY> No valid payload found
TTY> dart: dart /arm-io/dart-usb0 at 0x402f80000 is a t8110
TTY> USB0: initialized at 0x10005aac090
TTY> dart: dart /arm-io/dart-usb1 at 0x40af80000 is a t8110
TTY> USB1: initialized at 0x10005aac560
TTY> dart: dart /arm-io/dart-usb3 at 0x41af80000 is a t8110
TTY> USB3: initialized at 0x10005aaca60
TTY> Running proxy...
[v2]   patched m1n1 up
[v2] 
=== STEP 1: PMGR RMW TARGET=0xf ===
[v2]   [pre-pmgr] PMGR=0x7fe151da TGT=a ACT=d DD=0 PO=0 WC=0 WP=1 +4=0x0
[v2]   [post-pmgr] PMGR=0x7ff805e0 TGT=0 ACT=e DD=1 PO=0 WC=0 WP=1 +4=0x0
[v2] 
=== STEP 2: DAPF init for /arm-io/dart-aop ===
TTY> dapf: Initialized /arm-io/dart-aop
[v2]   dapf_init(dart-aop): rc=0
[v2]   [post-dapf] PMGR=0x800d9281 TGT=1 ACT=8 DD=0 PO=0 WC=1 WP=0 +4=0x0
[v2] 
=== STEP 3: Stage AOP firmware ===
Fetching ADT (0x00084000 bytes)...
[v2]   __OS_LOG at phys=0x100054f4000 size=0x2a000
[v2]   aop __TEXT: iBoot-staged (skip)
[v2]   aop __ETEXT: iBoot-staged (skip)
....
[v2]   aop __DATA: 1019904B -> 0x390ccd000 (1669ms)
....
[v2]   aop __OS_LOG: 172032B -> 0x100054f4000 (6ms)
[v2]   [post-stage] PMGR=0x82b62aa7 TGT=7 ACT=a DD=0 PO=1 WC=1 WP=0 +4=0x0
[v2] 
=== STEP 4: bootargs update ===
[v2]   bootargs keys: ['GKTS', 'p0CE', 'p0DE', 'laCn', 'Hlca', 'Epan', 'Hsid', 'gila', 'tPOA', 'Idrb']
	p0CE = b'\x00\x00\x00\x00\x00\x00\x00\x00' -> b'\x00\x00\x02\x00\x00\x00\x00\x00'
	laCn = b'\x01' -> b'\x00'
	gila = b'\x00\x00\x00\x00' -> b'\x80\x00\x00\x00'
	tPOA = b'\x00\x00\x00\x00' -> b'\x01\x00\x00\x00'
[v2]   update_bootargs done
[v2]   [post-bootargs] PMGR=0x82eb1a80 TGT=0 ACT=8 DD=0 PO=1 WC=1 WP=0 +4=0x0
[v2] 
=== STEP 5: CC.RUN=1 + 10 s observation ===
[v2]   pre: CC=0x0 CS=0x6a
[v2]   wrote CC=0x10
[v2]   t= 0.05s CC=0x10 CS=0x68 IB=0x20001 OB=0x20001 PMGR=0x82fe3494
[v2]   t= 0.15s CC=0x10 CS=0x68 IB=0x20001 OB=0x20001 PMGR=0x8323904a
[v2]   t= 0.26s CC=0x10 CS=0x68 IB=0x20001 OB=0x20001 PMGR=0x8348fb7d
[v2]   t= 0.36s CC=0x10 CS=0x68 IB=0x20001 OB=0x20001 PMGR=0x836e91da
[v2]   t= 0.46s CC=0x10 CS=0x68 IB=0x20001 OB=0x20001 PMGR=0x83940c65
[v2]   t= 0.56s CC=0x10 CS=0x68 IB=0x20001 OB=0x20001 PMGR=0x83b97739
[v2]   t= 0.67s CC=0x10 CS=0x68 IB=0x20001 OB=0x20001 PMGR=0x83deeda3
[v2]   t= 0.72s CC=0x10 CS=0x68 IB=0x20001 OB=0x20001 PMGR=0x83f1d558
[v2]   t= 0.77s CC=0x10 CS=0x68 IB=0x20001 OB=0x20001 PMGR=0x8404a24b
[v2]   t= 0.87s CC=0x10 CS=0x68 IB=0x20001 OB=0x20001 PMGR=0x8429e11a
[v2]   t= 0.92s CC=0x10 CS=0x68 IB=0x20001 OB=0x20001 PMGR=0x843cc021
[v2]   t= 1.02s CC=0x10 CS=0x68 IB=0x20001 OB=0x20001 PMGR=0x8462340e
[v2]   t= 1.13s CC=0x10 CS=0x68 IB=0x20001 OB=0x20001 PMGR=0x84879214
[v2]   t= 1.23s CC=0x10 CS=0x68 IB=0x20001 OB=0x20001 PMGR=0x84ad002e
[v2]   t= 1.33s CC=0x10 CS=0x68 IB=0x20001 OB=0x20001 PMGR=0x84d26407
[v2]   t= 1.43s CC=0x10 CS=0x68 IB=0x20001 OB=0x20001 PMGR=0x84f7c99a
[v2]   t= 1.53s CC=0x10 CS=0x68 IB=0x20001 OB=0x20001 PMGR=0x851d2585
[v2]   t= 1.64s CC=0x10 CS=0x68 IB=0x20001 OB=0x20001 PMGR=0x854284fc
[v2]   t= 1.74s CC=0x10 CS=0x68 IB=0x20001 OB=0x20001 PMGR=0x8568199b
[v2]   t= 1.84s CC=0x10 CS=0x68 IB=0x20001 OB=0x20001 PMGR=0x858db9d8
[v2]   t= 1.94s CC=0x10 CS=0x68 IB=0x20001 OB=0x20001 PMGR=0x85b353e7
[v2]   t= 2.05s CC=0x10 CS=0x68 IB=0x20001 OB=0x20001 PMGR=0x85d8e99c
[v2]   t= 2.15s CC=0x10 CS=0x68 IB=0x20001 OB=0x20001 PMGR=0x85fe43ad
[v2]   t= 2.25s CC=0x10 CS=0x68 IB=0x20001 OB=0x20001 PMGR=0x8623adab
[v2]   t= 2.35s CC=0x10 CS=0x68 IB=0x20001 OB=0x20001 PMGR=0x86493f87
[v2]   t= 2.46s CC=0x10 CS=0x68 IB=0x20001 OB=0x20001 PMGR=0x866ecb95
[v2]   t= 2.56s CC=0x10 CS=0x68 IB=0x20001 OB=0x20001 PMGR=0x8694533e
[v2]   t= 2.66s CC=0x10 CS=0x68 IB=0x20001 OB=0x20001 PMGR=0x86b9c12d
[v2]   t= 2.76s CC=0x10 CS=0x68 IB=0x20001 OB=0x20001 PMGR=0x86df2b88
[v2]   t= 2.86s CC=0x10 CS=0x68 IB=0x20001 OB=0x20001 PMGR=0x870485c2
[v2]   t= 2.97s CC=0x10 CS=0x68 IB=0x20001 OB=0x20001 PMGR=0x872a11b3
[v2]   t= 3.02s CC=0x10 CS=0x68 IB=0x20001 OB=0x20001 PMGR=0x873cee21
[v2]   t= 3.12s CC=0x10 CS=0x68 IB=0x20001 OB=0x20001 PMGR=0x87626eea
[v2]   t= 3.22s CC=0x10 CS=0x68 IB=0x20001 OB=0x20001 PMGR=0x8787f8ef
[v2]   t= 3.33s CC=0x10 CS=0x68 IB=0x20001 OB=0x20001 PMGR=0x87ad9c0e
[v2]   t= 3.43s CC=0x10 CS=0x68 IB=0x20001 OB=0x20001 PMGR=0x87d340ee
[v2]   t= 3.53s CC=0x10 CS=0x68 IB=0x20001 OB=0x20001 PMGR=0x87f8da81
[v2]   t= 3.63s CC=0x10 CS=0x68 IB=0x20001 OB=0x20001 PMGR=0x881e689f
[v2]   t= 3.74s CC=0x10 CS=0x68 IB=0x20001 OB=0x20001 PMGR=0x8843d59a
[v2]   t= 3.84s CC=0x10 CS=0x68 IB=0x20001 OB=0x20001 PMGR=0x88693cfd
[v2]   t= 3.94s CC=0x10 CS=0x68 IB=0x20001 OB=0x20001 PMGR=0x888ea629
[v2]   t= 4.04s CC=0x10 CS=0x68 IB=0x20001 OB=0x20001 PMGR=0x88b425c2
[v2]   t= 4.15s CC=0x10 CS=0x68 IB=0x20001 OB=0x20001 PMGR=0x88d9a814
[v2]   t= 4.20s CC=0x10 CS=0x68 IB=0x20001 OB=0x20001 PMGR=0x88ec78f7
[v2]   t= 4.30s CC=0x10 CS=0x68 IB=0x20001 OB=0x20001 PMGR=0x89121dae
[v2]   t= 4.40s CC=0x10 CS=0x68 IB=0x20001 OB=0x20001 PMGR=0x893780f2
[v2]   t= 4.50s CC=0x10 CS=0x68 IB=0x20001 OB=0x20001 PMGR=0x895cf719
[v2]   t= 4.61s CC=0x10 CS=0x68 IB=0x20001 OB=0x20001 PMGR=0x8982ac22
[v2]   t= 4.71s CC=0x10 CS=0x68 IB=0x20001 OB=0x20001 PMGR=0x89a82339
[v2]   t= 4.81s CC=0x10 CS=0x68 IB=0x20001 OB=0x20001 PMGR=0x89cd9d8d
[v2]   t= 4.91s CC=0x10 CS=0x68 IB=0x20001 OB=0x20001 PMGR=0x89f2f740
[v2]   t= 5.02s CC=0x10 CS=0x68 IB=0x20001 OB=0x20001 PMGR=0x8a187cdd
[v2]   t= 5.12s CC=0x10 CS=0x68 IB=0x20001 OB=0x20001 PMGR=0x8a3df4a2
[v2]   t= 5.22s CC=0x10 CS=0x68 IB=0x20001 OB=0x20001 PMGR=0x8a633424
[v2]   t= 5.32s CC=0x10 CS=0x68 IB=0x20001 OB=0x20001 PMGR=0x8a889873
[v2]   t= 5.43s CC=0x10 CS=0x68 IB=0x20001 OB=0x20001 PMGR=0x8aae1c6d
[v2]   t= 5.53s CC=0x10 CS=0x68 IB=0x20001 OB=0x20001 PMGR=0x8ad39433
[v2]   t= 5.63s CC=0x10 CS=0x68 IB=0x20001 OB=0x20001 PMGR=0x8af8d6fd
[v2]   t= 5.73s CC=0x10 CS=0x68 IB=0x20001 OB=0x20001 PMGR=0x8b1e4e0a
[v2]   t= 5.83s CC=0x10 CS=0x68 IB=0x20001 OB=0x20001 PMGR=0x8b43cec6
[v2]   t= 5.94s CC=0x10 CS=0x68 IB=0x20001 OB=0x20001 PMGR=0x8b695b8e
[v2]   t= 6.04s CC=0x10 CS=0x68 IB=0x20001 OB=0x20001 PMGR=0x8b8f0f76
[v2]   t= 6.14s CC=0x10 CS=0x68 IB=0x20001 OB=0x20001 PMGR=0x8bb4849d
[v2]   t= 6.24s CC=0x10 CS=0x68 IB=0x20001 OB=0x20001 PMGR=0x8bda1f08
[v2]   t= 6.30s CC=0x10 CS=0x68 IB=0x20001 OB=0x20001 PMGR=0x8becf599
[v2]   t= 6.40s CC=0x10 CS=0x68 IB=0x20001 OB=0x20001 PMGR=0x8c1242d5
[v2]   t= 6.50s CC=0x10 CS=0x68 IB=0x20001 OB=0x20001 PMGR=0x8c37ccac
[v2]   t= 6.60s CC=0x10 CS=0x68 IB=0x20001 OB=0x20001 PMGR=0x8c5d2e71
[v2]   t= 6.70s CC=0x10 CS=0x68 IB=0x20001 OB=0x20001 PMGR=0x8c82922b
[v2]   t= 6.76s CC=0x10 CS=0x68 IB=0x20001 OB=0x20001 PMGR=0x8c95481b
[v2]   t= 6.86s CC=0x10 CS=0x68 IB=0x20001 OB=0x20001 PMGR=0x8cbae9c9
[v2]   t= 6.91s CC=0x10 CS=0x68 IB=0x20001 OB=0x20001 PMGR=0x8ccdbb2b
[v2]   t= 7.01s CC=0x10 CS=0x68 IB=0x20001 OB=0x20001 PMGR=0x8cf340ee
[v2]   t= 7.11s CC=0x10 CS=0x68 IB=0x20001 OB=0x20001 PMGR=0x8d18ad4c
[v2]   t= 7.22s CC=0x10 CS=0x68 IB=0x20001 OB=0x20001 PMGR=0x8d3e3a8a
[v2]   t= 7.32s CC=0x10 CS=0x68 IB=0x20001 OB=0x20001 PMGR=0x8d63abfb
[v2]   t= 7.42s CC=0x10 CS=0x68 IB=0x20001 OB=0x20001 PMGR=0x8d890a8a
[v2]   t= 7.52s CC=0x10 CS=0x68 IB=0x20001 OB=0x20001 PMGR=0x8dae91b2
[v2]   t= 7.63s CC=0x10 CS=0x68 IB=0x20001 OB=0x20001 PMGR=0x8dd4032c
[v2]   t= 7.73s CC=0x10 CS=0x68 IB=0x20001 OB=0x20001 PMGR=0x8df96574
[v2]   t= 7.83s CC=0x10 CS=0x68 IB=0x20001 OB=0x20001 PMGR=0x8e1f0aef
[v2]   t= 7.93s CC=0x10 CS=0x68 IB=0x20001 OB=0x20001 PMGR=0x8e44b687
[v2]   t= 8.04s CC=0x10 CS=0x68 IB=0x20001 OB=0x20001 PMGR=0x8e6a2a2e
[v2]   t= 8.14s CC=0x10 CS=0x68 IB=0x20001 OB=0x20001 PMGR=0x8e8f9fe5
[v2]   t= 8.24s CC=0x10 CS=0x68 IB=0x20001 OB=0x20001 PMGR=0x8eb520a4
[v2]   t= 8.34s CC=0x10 CS=0x68 IB=0x20001 OB=0x20001 PMGR=0x8eda7fe6
[v2]   t= 8.45s CC=0x10 CS=0x68 IB=0x20001 OB=0x20001 PMGR=0x8f000af1
[v2]   t= 8.55s CC=0x10 CS=0x68 IB=0x20001 OB=0x20001 PMGR=0x8f257c35
[v2]   t= 8.65s CC=0x10 CS=0x68 IB=0x20001 OB=0x20001 PMGR=0x8f4b07b4
[v2]   t= 8.75s CC=0x10 CS=0x68 IB=0x20001 OB=0x20001 PMGR=0x8f707bb8
[v2]   t= 8.85s CC=0x10 CS=0x68 IB=0x20001 OB=0x20001 PMGR=0x8f95d42f
[v2]   t= 8.96s CC=0x10 CS=0x68 IB=0x20001 OB=0x20001 PMGR=0x8fbb1e98
[v2]   t= 9.06s CC=0x10 CS=0x68 IB=0x20001 OB=0x20001 PMGR=0x8fe098fc
[v2]   t= 9.16s CC=0x10 CS=0x68 IB=0x20001 OB=0x20001 PMGR=0x9005e820
[v2]   t= 9.26s CC=0x10 CS=0x68 IB=0x20001 OB=0x20001 PMGR=0x902b443c
[v2]   t= 9.36s CC=0x10 CS=0x68 IB=0x20001 OB=0x20001 PMGR=0x90509075
[v2]   t= 9.47s CC=0x10 CS=0x68 IB=0x20001 OB=0x20001 PMGR=0x9075f8a6
[v2]   t= 9.52s CC=0x10 CS=0x68 IB=0x20001 OB=0x20001 PMGR=0x9088e0ca
[v2]   t= 9.62s CC=0x10 CS=0x68 IB=0x20001 OB=0x20001 PMGR=0x90ae70a8
[v2]   t= 9.72s CC=0x10 CS=0x68 IB=0x20001 OB=0x20001 PMGR=0x90d3ec13
[v2]   t= 9.82s CC=0x10 CS=0x68 IB=0x20001 OB=0x20001 PMGR=0x90f9556d
[v2]   t= 9.93s CC=0x10 CS=0x68 IB=0x20001 OB=0x20001 PMGR=0x911f1024
[v2]   t=10.03s CC=0x10 CS=0x68 IB=0x20001 OB=0x20001 PMGR=0x91448d07
[v2]   observation done (103 iters)
[v2] 
=== STEP 6: OS_LOG dump (first 2 KB) ===
[v2]   OS_LOG: b'SMCSensorExchange: Missing smc service!'
[v2]   OS_LOG: b'SMCSensorExchange: Expecting %s service but failed to find'
[v2]   OS_LOG: b'SMCSensorExchange: Could not find %s service, skipping...'
[v2]   OS_LOG: b'%s service ready!!\n'
[v2]   OS_LOG: b"SMCSensorExchange: Can't find matching service for sensor sample!"
[v2]   OS_LOG: b'SMCSensorExchange: Unsupported sensor type: 0x%x'
[v2]   OS_LOG: b'SMCSensorExchange: SMC lid threshold received, expected %lu bytes, got %lu bytes'
[v2]   OS_LOG: b'AOP os log initialized'
[v2]   OS_LOG: b'AOP log power transition %s, new level = %d'
[v2]   OS_LOG: b'[%s:%d] AssertMacros: %s error: %x'
[v2]   OS_LOG: b'MA781::probe -- Found device with ID: 0x%x'
[v2]   OS_LOG: b'MA781::probe -- Probe error=%x, ID=0x%x'
[v2]   OS_LOG: b'Performing LAS calibration routine...'
[v2]   OS_LOG: b'MA781 Cannot perform calibration as sensor is locked.'
[v2]   OS_LOG: b'MA781 magnetic field too low'
[v2]   OS_LOG: b'MA781 Error Flag: 0x%x'
[v2]   OS_LOG: b'LAS calibration successful.'
[v2]   OS_LOG: b'LAS hard lock requires sensor to be in soft locked state first. Current state is: %d'
[v2]   OS_LOG: b'+---------------------\\'
[v2]   OS_LOG: b'| %08x %s%s%s | %#04x |'
[v2] 
=== STEP 7: Final state ===
[v2]   [final] PMGR=0x9157638f TGT=f ACT=8 DD=0 PO=0 WC=1 WP=1 +4=0x0
[v2]   CC=0x10
[v2]   CS=0x68
[v2]   IB_CTRL=0x20001
[v2]   OB_CTRL=0x20001
[v2]   AOP+0x50 = 0x0
[v2]   AOP+0x60 = 0x0
[v2]   AOP+0x70 = 0x0
[v2]   AOP+0x80 = 0x0
[v2]   AOP+0x90 = 0x0
[v2]   AOP+0xa0 = 0x0
